[debug] [2023-12-13T21:57:55.882Z] ----------------------------------------------------------------------
[debug] [2023-12-13T21:57:55.883Z] Command:       /Users/danieldreger/.nvm/versions/node/v19.2.0/bin/node /Users/danieldreger/.nvm/versions/node/v19.2.0/bin/firebase init
[debug] [2023-12-13T21:57:55.884Z] CLI Version:   13.0.1
[debug] [2023-12-13T21:57:55.884Z] Platform:      darwin
[debug] [2023-12-13T21:57:55.884Z] Node Version:  v19.2.0
[debug] [2023-12-13T21:57:55.884Z] Time:          Wed Dec 13 2023 14:57:55 GMT-0700 (Mountain Standard Time)
[debug] [2023-12-13T21:57:55.884Z] ----------------------------------------------------------------------
[debug] 
[debug] [2023-12-13T21:57:55.886Z] > command requires scopes: ["email","openid","https://www.googleapis.com/auth/cloudplatformprojects.readonly","https://www.googleapis.com/auth/firebase","https://www.googleapis.com/auth/cloud-platform"]
[debug] [2023-12-13T21:57:55.886Z] > authorizing via signed-in user (danjdreger@gmail.com)
[info] 
     ######## #### ########  ######## ########     ###     ######  ########
     ##        ##  ##     ## ##       ##     ##  ##   ##  ##       ##
     ######    ##  ########  ######   ########  #########  ######  ######
     ##        ##  ##    ##  ##       ##     ## ##     ##       ## ##
     ##       #### ##     ## ######## ########  ##     ##  ######  ########

You're about to initialize a Firebase project in this directory:

  /Users/danieldreger/Desktop/Batting_Practice_App

[info] 
=== Project Setup
[info] 
[info] First, let's associate this project directory with a Firebase project.
[info] You can create multiple project aliases by running firebase use --add, 
[info] but for now we'll just set up a default project.
[info] 
[debug] [2023-12-13T21:58:50.751Z] >>> [apiv2][query] GET https://firebase.googleapis.com/v1beta1/projects pageSize=100
[debug] [2023-12-13T21:58:51.358Z] <<< [apiv2][status] GET https://firebase.googleapis.com/v1beta1/projects 200
[debug] [2023-12-13T21:58:51.358Z] <<< [apiv2][body] GET https://firebase.googleapis.com/v1beta1/projects [omitted]
[info] i  Using project player-tracker-816e1 (Player-Tracker) 
[info] 
=== Hosting Setup
[debug] [2023-12-13T21:59:00.930Z] >>> [apiv2][query] GET https://firebase.googleapis.com/v1beta1/projects/player-tracker-816e1 [none]
[debug] [2023-12-13T21:59:01.113Z] <<< [apiv2][status] GET https://firebase.googleapis.com/v1beta1/projects/player-tracker-816e1 200
[debug] [2023-12-13T21:59:01.114Z] <<< [apiv2][body] GET https://firebase.googleapis.com/v1beta1/projects/player-tracker-816e1 {"projectId":"player-tracker-816e1","projectNumber":"252085866739","displayName":"Player-Tracker","name":"projects/player-tracker-816e1","resources":{"hostingSite":"player-tracker-816e1"},"state":"ACTIVE","etag":"1_a3393e56-e4e9-46d1-bf79-3b483589c272"}
[info] 
[info] Your public directory is the folder (relative to your project directory) that
[info] will contain Hosting assets to be uploaded with firebase deploy. If you
[info] have a build process for your assets, use your build's output directory.
[info] 
[info] ✔  Wrote public/404.html 
[debug] [2023-12-13T22:00:39.099Z] >>> [apiv2][query] GET https://www.gstatic.com/firebasejs/releases.json [none]
[debug] [2023-12-13T22:00:39.364Z] <<< [apiv2][status] GET https://www.gstatic.com/firebasejs/releases.json 200
[debug] [2023-12-13T22:00:39.365Z] <<< [apiv2][body] GET https://www.gstatic.com/firebasejs/releases.json {"current":{"version":"10.7.1","browserURL":"https://www.gstatic.com/firebasejs/10.7.1/firebase.js","packageURL":"https://www.gstatic.com/firebasejs/10.7.1/firebase.tgz"},"live":{"version":"10.7","browserURL":"https://www.gstatic.com/firebasejs/live/10.7/firebase.js","packageURL":"https://www.gstatic.com/firebasejs/live/10.7/firebase.tgz"},"components":{"analytics":"https://www.gstatic.com/firebasejs/10.7.1/firebase-analytics.js","app":"https://www.gstatic.com/firebasejs/10.7.1/firebase-app.js","app-check":"https://www.gstatic.com/firebasejs/10.7.1/firebase-app-check.js","auth":"https://www.gstatic.com/firebasejs/10.7.1/firebase-auth.js","auth/cordova":"https://www.gstatic.com/firebasejs/10.7.1/firebase-auth/cordova.js","functions":"https://www.gstatic.com/firebasejs/10.7.1/firebase-functions.js","firestore":"https://www.gstatic.com/firebasejs/10.7.1/firebase-firestore.js","firestore/lite":"https://www.gstatic.com/firebasejs/10.7.1/firebase-firestore/lite.js","installations":"https://www.gstatic.com/firebasejs/10.7.1/firebase-installations.js","storage":"https://www.gstatic.com/firebasejs/10.7.1/firebase-storage.js","performance":"https://www.gstatic.com/firebasejs/10.7.1/firebase-performance.js","remote-config":"https://www.gstatic.com/firebasejs/10.7.1/firebase-remote-config.js","messaging":"https://www.gstatic.com/firebasejs/10.7.1/firebase-messaging.js","messaging/sw":"https://www.gstatic.com/firebasejs/10.7.1/firebase-messaging/sw.js","database":"https://www.gstatic.com/firebasejs/10.7.1/firebase-database.js","firestore.memory":"https://www.gstatic.com/firebasejs/10.7.1/firebase-firestore.memory.js"}}
[info] ✔  Wrote public/index.html 
[info] 
[info] i  Detected a .git folder at /Users/danieldreger/Desktop/Batting_Practice_App 
[info] i  Authorizing with GitHub to upload your service account to a GitHub repository's secrets store. 
[info] 
[info] Visit this URL on this device to log in:
[info] https://github.com/login/oauth/authorize?client_id=89cf50f02ac6aaed3484&state=1035001453&redirect_uri=http%3A%2F%2Flocalhost%3A9005&scope=read%3Auser%20repo%20public_repo
[info] 
[info] Waiting for authentication...
[debug] [2023-12-13T22:00:56.774Z] >>> [apiv2][query] POST https://github.com/login/oauth/access_token [none]
[debug] [2023-12-13T22:00:56.775Z] >>> [apiv2][body] POST https://github.com/login/oauth/access_token [stream]
[debug] [2023-12-13T22:00:57.257Z] <<< [apiv2][status] POST https://github.com/login/oauth/access_token 200
[debug] [2023-12-13T22:00:57.257Z] <<< [apiv2][body] POST https://github.com/login/oauth/access_token {"access_token":"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","token_type":"bearer","scope":"read:user,repo"}
[debug] [2023-12-13T22:00:57.263Z] >>> [apiv2][query] GET https://api.github.com/user [none]
[debug] [2023-12-13T22:00:57.631Z] <<< [apiv2][status] GET https://api.github.com/user 200
[debug] [2023-12-13T22:00:57.631Z] <<< [apiv2][body] GET https://api.github.com/user {"login":"DanDreger","id":23018536,"node_id":"MDQ6VXNlcjIzMDE4NTM2","avatar_url":"https://avatars.githubusercontent.com/u/23018536?v=4","gravatar_id":"","url":"https://api.github.com/users/DanDreger","html_url":"https://github.com/DanDreger","followers_url":"https://api.github.com/users/DanDreger/followers","following_url":"https://api.github.com/users/DanDreger/following{/other_user}","gists_url":"https://api.github.com/users/DanDreger/gists{/gist_id}","starred_url":"https://api.github.com/users/DanDreger/starred{/owner}{/repo}","subscriptions_url":"https://api.github.com/users/DanDreger/subscriptions","organizations_url":"https://api.github.com/users/DanDreger/orgs","repos_url":"https://api.github.com/users/DanDreger/repos","events_url":"https://api.github.com/users/DanDreger/events{/privacy}","received_events_url":"https://api.github.com/users/DanDreger/received_events","type":"User","site_admin":false,"name":null,"company":null,"blog":"","location":null,"email":null,"hireable":null,"bio":null,"twitter_username":null,"public_repos":43,"public_gists":0,"followers":1,"following":0,"created_at":"2016-10-23T21:19:42Z","updated_at":"2023-11-20T20:22:00Z","private_gists":0,"total_private_repos":0,"owned_private_repos":0,"disk_usage":288230,"collaborators":0,"two_factor_authentication":false,"plan":{"name":"free","space":976562499,"collaborators":0,"private_repos":10000}}
[info] 
[info] ✔  Success! Logged into GitHub as DanDreger 
[info] 
